#
# There is insufficient memory for the Java Runtime Environment to continue.
# Native memory allocation (mmap) failed to map 134217728 bytes for Failed to commit area from 0x0000000081e00000 to 0x0000000089e00000 of length 134217728.
# Possible reasons:
#   The system is out of physical RAM or swap space
#   The process is running with CompressedOops enabled, and the Java Heap may be blocking the growth of the native heap
# Possible solutions:
#   Reduce memory load on the system
#   Increase physical memory or swap space
#   Check if swap backing store is full
#   Decrease Java heap size (-Xmx/-Xms)
#   Decrease number of Java threads
#   Decrease Java thread stack sizes (-Xss)
#   Set larger code cache with -XX:ReservedCodeCacheSize=
#   JVM is running with Unscaled Compressed Oops mode in which the Java heap is
#     placed in the first 4GB address space. The Java Heap base address is the
#     maximum limit for the native heap growth. Please use -XX:HeapBaseMinAddress
#     to set the Java Heap base and to place the Java Heap above 4GB virtual address.
# This output file may be truncated or incomplete.
#
#  Out of Memory Error (./open/src/hotspot/os/windows/os_windows.cpp:3315), pid=2572, tid=16928
#
# JRE version:  (14.0.1+7) (build )
# Java VM: Java HotSpot(TM) 64-Bit Server VM (14.0.1+7, mixed mode, sharing, tiered, compressed oops, g1 gc, windows-amd64)
# No core dump will be written. Minidumps are not enabled by default on client versions of Windows
#

---------------  S U M M A R Y ------------

Command Line: C:\Users\czl0502\AppData\Local\Temp\surefire14500429315748664740\surefirebooter4194064795884808671.jar C:\Users\czl0502\AppData\Local\Temp\surefire14500429315748664740 2021-07-18T17-37-01_011-jvmRun1 surefire8654759760745113894tmp surefire_02599790310860780431tmp

Host: Intel(R) Core(TM) i7-7700HQ CPU @ 2.80GHz, 8 cores, 7G,  Windows 10 , 64 bit Build 19041 (10.0.19041.1023)
Time: Sun Jul 18 17:37:03 2021 中国标准时间 elapsed time: 0 seconds (0d 0h 0m 0s)

---------------  T H R E A D  ---------------

Current thread (0x000001ff295cc800):  JavaThread "Unknown thread" [_thread_in_vm, id=16928, stack(0x0000006987000000,0x0000006987100000)]

Stack: [0x0000006987000000,0x0000006987100000]
Native frames: (J=compiled Java code, j=interpreted, Vv=VM code, C=native code)
V  [jvm.dll+0x5f840a]
V  [jvm.dll+0x741e4a]
V  [jvm.dll+0x7435ff]
V  [jvm.dll+0x743c43]
V  [jvm.dll+0x20d288]
V  [jvm.dll+0x5f57ba]
V  [jvm.dll+0x5ea615]
V  [jvm.dll+0x2c7e9c]
V  [jvm.dll+0x2c7cd2]
V  [jvm.dll+0x2cdbbc]
V  [jvm.dll+0x313ff8]
V  [jvm.dll+0x313720]
V  [jvm.dll+0x2a092a]
V  [jvm.dll+0x2a1a79]
V  [jvm.dll+0x71f718]
V  [jvm.dll+0x321c44]
V  [jvm.dll+0x700b0c]
V  [jvm.dll+0x392dff]
V  [jvm.dll+0x394e71]
C  [jli.dll+0x523b]
C  [ucrtbase.dll+0x21bb2]
C  [KERNEL32.DLL+0x17034]
C  [ntdll.dll+0x52651]


---------------  P R O C E S S  ---------------

Threads class SMR info:
_java_thread_list=0x00007fff957d3078, length=0, elements={
}

Java Threads: ( => current thread )

Other Threads:
  0x000001ff2960e800 GCTaskThread "GC Thread#0" [stack: 0x0000006987100000,0x0000006987200000] [id=4516]
  0x000001ff29621800 ConcurrentGCThread "G1 Main Marker" [stack: 0x0000006987200000,0x0000006987300000] [id=5896]
  0x000001ff29623000 ConcurrentGCThread "G1 Conc#0" [stack: 0x0000006987300000,0x0000006987400000] [id=15680]

[error occurred during error reporting (printing all threads), id 0xc0000005, EXCEPTION_ACCESS_VIOLATION (0xc0000005) at pc=0x00007fff95001257]

VM state:not at safepoint (not fully initialized)

VM Mutex/Monitor currently owned by a thread:  ([mutex/lock_event])
[0x000001ff295c8470] Heap_lock - owner thread: 0x000001ff295cc800

Heap address: 0x0000000081e00000, size: 2018 MB, Compressed Oops mode: 32-bit
Narrow klass base: 0x0000000000000000, Narrow klass shift: 0

GC Heap History (0 events):
No events

Deoptimization events (0 events):
No events

Classes unloaded (0 events):
No events

Classes redefined (0 events):
No events

Internal exceptions (0 events):
No events

Events (2 events):
Event: 0.018 Loaded shared library D:\Java Jdk\jdk-14.0.1\bin\java.dll
Event: 0.018 Loaded shared library D:\Java Jdk\jdk-14.0.1\bin\zip.dll


Dynamic libraries:
0x00007ff7a9a40000 - 0x00007ff7a9a4f000 	D:\Java Jdk\jdk-14.0.1\bin\java.exe
0x00007fffea650000 - 0x00007fffea845000 	C:\WINDOWS\SYSTEM32\ntdll.dll
0x00007fffea3c0000 - 0x00007fffea47d000 	C:\WINDOWS\System32\KERNEL32.DLL
0x00007fffe8240000 - 0x00007fffe8508000 	C:\WINDOWS\System32\KERNELBASE.dll
0x00007fffe5640000 - 0x00007fffe56d0000 	C:\WINDOWS\SYSTEM32\apphelp.dll
0x00007fffe7f50000 - 0x00007fffe8050000 	C:\WINDOWS\System32\ucrtbase.dll
0x00007fffb55f0000 - 0x00007fffb5608000 	D:\Java Jdk\jdk-14.0.1\bin\jli.dll
0x00007fffb7e40000 - 0x00007fffb7e55000 	D:\Java Jdk\jdk-14.0.1\bin\VCRUNTIME140.dll
0x00007fffea1e0000 - 0x00007fffea28c000 	C:\WINDOWS\System32\ADVAPI32.dll
0x00007fffe8c80000 - 0x00007fffe8d1e000 	C:\WINDOWS\System32\msvcrt.dll
0x00007fffe8b30000 - 0x00007fffe8bcb000 	C:\WINDOWS\System32\sechost.dll
0x00007fffe8fd0000 - 0x00007fffe90fb000 	C:\WINDOWS\System32\RPCRT4.dll
0x00007fffe86c0000 - 0x00007fffe8860000 	C:\WINDOWS\System32\USER32.dll
0x00007fffe8600000 - 0x00007fffe8622000 	C:\WINDOWS\System32\win32u.dll
0x00007fffe9230000 - 0x00007fffe925a000 	C:\WINDOWS\System32\GDI32.dll
0x00007fffd8f90000 - 0x00007fffd922a000 	C:\WINDOWS\WinSxS\amd64_microsoft.windows.common-controls_6595b64144ccf1df_6.0.19041.1052_none_60b8f8fd71f5e8cb\COMCTL32.dll
0x00007fffe7e40000 - 0x00007fffe7f4b000 	C:\WINDOWS\System32\gdi32full.dll
0x00007fffe8560000 - 0x00007fffe85fd000 	C:\WINDOWS\System32\msvcp_win.dll
0x00007fffe1b20000 - 0x00007fffe1b2a000 	C:\WINDOWS\SYSTEM32\VERSION.dll
0x00007fffea310000 - 0x00007fffea340000 	C:\WINDOWS\System32\IMM32.DLL
0x00007fffa7790000 - 0x00007fffa782b000 	D:\Java Jdk\jdk-14.0.1\bin\msvcp140.dll
0x00007fff94d50000 - 0x00007fff9586e000 	D:\Java Jdk\jdk-14.0.1\bin\server\jvm.dll
0x00007fffea2a0000 - 0x00007fffea2a8000 	C:\WINDOWS\System32\PSAPI.DLL
0x00007fffd3d60000 - 0x00007fffd3d69000 	C:\WINDOWS\SYSTEM32\WSOCK32.dll
0x00007fffdd0c0000 - 0x00007fffdd0e7000 	C:\WINDOWS\SYSTEM32\WINMM.dll
0x00007fffe8f00000 - 0x00007fffe8f6b000 	C:\WINDOWS\System32\WS2_32.dll
0x00007fffe5ce0000 - 0x00007fffe5cf2000 	C:\WINDOWS\SYSTEM32\kernel.appcore.dll
0x00007fffe3c60000 - 0x00007fffe3c6a000 	D:\Java Jdk\jdk-14.0.1\bin\jimage.dll
0x00007fffd12a0000 - 0x00007fffd1484000 	C:\WINDOWS\SYSTEM32\DBGHELP.DLL
0x00007fffd1130000 - 0x00007fffd115c000 	C:\WINDOWS\SYSTEM32\dbgcore.DLL
0x00007fffe8050000 - 0x00007fffe80d3000 	C:\WINDOWS\System32\bcryptPrimitives.dll
0x00007fffb55c0000 - 0x00007fffb55e5000 	D:\Java Jdk\jdk-14.0.1\bin\java.dll
0x00007fffb55a0000 - 0x00007fffb55b6000 	D:\Java Jdk\jdk-14.0.1\bin\zip.dll

dbghelp: loaded successfully - version: 4.0.5 - missing functions: none
symbol engine: initialized successfully - sym options: 0x614 - pdb path: .;D:\Java Jdk\jdk-14.0.1\bin;C:\WINDOWS\SYSTEM32;C:\WINDOWS\WinSxS\amd64_microsoft.windows.common-controls_6595b64144ccf1df_6.0.19041.1052_none_60b8f8fd71f5e8cb;D:\Java Jdk\jdk-14.0.1\bin\server

VM Arguments:
java_command: C:\Users\czl0502\AppData\Local\Temp\surefire14500429315748664740\surefirebooter4194064795884808671.jar C:\Users\czl0502\AppData\Local\Temp\surefire14500429315748664740 2021-07-18T17-37-01_011-jvmRun1 surefire8654759760745113894tmp surefire_02599790310860780431tmp
java_class_path (initial): C:\Users\czl0502\AppData\Local\Temp\surefire14500429315748664740\surefirebooter4194064795884808671.jar
Launcher Type: SUN_STANDARD

[Global flags]
     intx CICompilerCount                          = 4                                         {product} {ergonomic}
     uint ConcGCThreads                            = 2                                         {product} {ergonomic}
     uint G1ConcRefinementThreads                  = 8                                         {product} {ergonomic}
   size_t G1HeapRegionSize                         = 1048576                                   {product} {ergonomic}
    uintx GCDrainStackTargetSize                   = 64                                        {product} {ergonomic}
   size_t InitialHeapSize                          = 134217728                                 {product} {ergonomic}
   size_t MarkStackSize                            = 4194304                                   {product} {ergonomic}
   size_t MaxHeapSize                              = 2116026368                                {product} {ergonomic}
   size_t MinHeapDeltaBytes                        = 1048576                                   {product} {ergonomic}
   size_t MinHeapSize                              = 8388608                                   {product} {ergonomic}
    uintx NonNMethodCodeHeapSize                   = 5839372                                {pd product} {ergonomic}
    uintx NonProfiledCodeHeapSize                  = 122909434                              {pd product} {ergonomic}
    uintx ProfiledCodeHeapSize                     = 122909434                              {pd product} {ergonomic}
    uintx ReservedCodeCacheSize                    = 251658240                              {pd product} {ergonomic}
     bool SegmentedCodeCache                       = true                                      {product} {ergonomic}
   size_t SoftMaxHeapSize                          = 2116026368                             {manageable} {ergonomic}
     bool UseCompressedClassPointers               = true                                 {lp64_product} {ergonomic}
     bool UseCompressedOops                        = true                                 {lp64_product} {ergonomic}
     bool UseG1GC                                  = true                                      {product} {ergonomic}
     bool UseLargePagesIndividualAllocation        = false                                  {pd product} {ergonomic}

Logging:
Log output configuration:
 #0: stdout all=warning uptime,level,tags
 #1: stderr all=off uptime,level,tags

Environment Variables:
JAVA_HOME=D:\Java Jdk\jdk-14.0.1
CLASSPATH=.;D:\Java Jdk\jdk-14.0.1\lib;D:\Java Jdk\jdk-14.0.1\lib\tools.jar
PATH=D:\Java Jdk\jdk-14.0.1\bin;D:\Java Jdk\jdk-14.0.1\jre\bin;C:\WINDOWS\system32;C:\WINDOWS;C:\WINDOWS\System32\Wbem;C:\WINDOWS\System32\WindowsPowerShell\v1.0\;C:\WINDOWS\System32\OpenSSH\;D:\maven-apache-3.5.0\apache-maven-3.5.0\bin;D:\Mysql\mysql-8.0.16-winx64\bin;D:\node\;D:\Program Files\nodejs;D:\python\Scripts\pip.exe;D:\python3.9\Scripts\;D:\python3.9\;C:\Program Files\MySQL\MySQL Shell 8.0\bin\;C:\Users\czl0502\AppData\Local\Microsoft\WindowsApps;F:\Bandizip\;D:\soft\PyCharm Community Edition 2021.1.2\bin;C:\Users\czl0502\AppData\Local\Programs\Microsoft VS Code\bin
USERNAME=czl0502
OS=Windows_NT
PROCESSOR_IDENTIFIER=Intel64 Family 6 Model 158 Stepping 9, GenuineIntel



---------------  S Y S T E M  ---------------

OS: Windows 10 , 64 bit Build 19041 (10.0.19041.1023)
OS uptime: 6 days 22:44 hours

CPU:total 8 (initial active 8) (4 cores per cpu, 2 threads per core) family 6 model 158 stepping 9, cmov, cx8, fxsr, mmx, sse, sse2, sse3, ssse3, sse4.1, sse4.2, popcnt, avx, avx2, aes, clmul, erms, 3dnowpref, lzcnt, ht, tsc, tscinvbit, bmi1, bmi2, adx, fma

Memory: 4k page, system-wide physical 8067M (426M free)
TotalPageFile size 23165M (AvailPageFile size 172M)
current process WorkingSet (physical memory assigned to process): 11M, peak: 11M
current process commit charge ("private bytes"): 60M, peak: 188M

vm_info: Java HotSpot(TM) 64-Bit Server VM (14.0.1+7) for windows-amd64 JRE (14.0.1+7), built on Mar  5 2020 10:30:14 by "mach5one" with MS VC++ 15.9 (VS2017)

END.
